<?xml version="1.0" encoding="UTF-8"?>
<!-- Generated by org.testng.reporters.JUnitXMLReporter -->
<testsuite hostname="SH852" ignored="0" name="test1" tests="6" failures="2" timestamp="19 六月 2017 11:56:08 GMT" time="135.106" errors="0">
  <testcase name="loginTest01" time="46.453" classname="com.xiaoyun.testcases.LoginTest">
    <skipped/>
  </testcase> <!-- loginTest01 -->
  <testcase name="loginTest01" time="28.786" classname="com.xiaoyun.testcases.LoginTest">
    <skipped/>
  </testcase> <!-- loginTest01 -->
  <testcase name="loginTest01" time="11.089" classname="com.xiaoyun.testcases.LoginTest">
    <failure type="java.lang.NullPointerException">
      <![CDATA[java.lang.NullPointerException
	at com.xiaoyun.utils.ScreenShot.takeScreenShot(ScreenShot.java:43)
	at com.xiaoyun.utils.ScreenShot.takeScreenShot(ScreenShot.java:38)
	at com.xiaoyun.uiframework.webElementUtil.getElement(webElementUtil.java:57)
	at com.xiaoyun.uiframework.webElementUtil$1.apply(webElementUtil.java:71)
	at com.xiaoyun.uiframework.webElementUtil$1.apply(webElementUtil.java:1)
	at org.openqa.selenium.support.ui.FluentWait.until(FluentWait.java:238)
	at com.xiaoyun.uiframework.webElementUtil.findElement(webElementUtil.java:69)
	at com.xiaoyun.uiframework.webElementUtil.click(webElementUtil.java:90)
	at com.xiaoyun.pages.LoginPage.Login(LoginPage.java:86)
	at com.xiaoyun.actions.LoginOperate.LoginSuess(LoginOperate.java:30)
	at com.xiaoyun.actions.LoginOperate.getLoginName(LoginOperate.java:42)
	at com.xiaoyun.testcases.LoginTest.loginTest01(LoginTest.java:61)
... Removed 25 stack frames]]>
    </failure>
  </testcase> <!-- loginTest01 -->
  <testcase name="loginTest02" time="11.031" classname="com.xiaoyun.testcases.LoginTest">
    <skipped/>
  </testcase> <!-- loginTest02 -->
  <testcase name="loginTest02" time="10.778" classname="com.xiaoyun.testcases.LoginTest">
    <skipped/>
  </testcase> <!-- loginTest02 -->
  <testcase name="loginTest02" time="10.728" classname="com.xiaoyun.testcases.LoginTest">
    <failure type="java.lang.NullPointerException">
      <![CDATA[java.lang.NullPointerException
	at com.xiaoyun.utils.ScreenShot.takeScreenShot(ScreenShot.java:43)
	at com.xiaoyun.utils.ScreenShot.takeScreenShot(ScreenShot.java:38)
	at com.xiaoyun.uiframework.webElementUtil.getElement(webElementUtil.java:57)
	at com.xiaoyun.uiframework.webElementUtil$1.apply(webElementUtil.java:71)
	at com.xiaoyun.uiframework.webElementUtil$1.apply(webElementUtil.java:1)
	at org.openqa.selenium.support.ui.FluentWait.until(FluentWait.java:238)
	at com.xiaoyun.uiframework.webElementUtil.findElement(webElementUtil.java:69)
	at com.xiaoyun.uiframework.webElementUtil.click(webElementUtil.java:90)
	at com.xiaoyun.pages.LoginPage.Login(LoginPage.java:86)
	at com.xiaoyun.actions.LoginOperate.LoginSuess(LoginOperate.java:30)
	at com.xiaoyun.actions.LoginOperate.getLoginName(LoginOperate.java:42)
	at com.xiaoyun.testcases.LoginTest.loginTest02(LoginTest.java:93)
... Removed 25 stack frames]]>
    </failure>
  </testcase> <!-- loginTest02 -->
</testsuite> <!-- test1 -->
